Arguments: 
  /usr/local/Cellar/node/8.9.0/bin/node /usr/local/Cellar/yarn/1.3.2/libexec/bin/yarn.js add @type/react

PATH: 
  /Users/tts/.fastlane/bin:/Users/tts/bin:/usr/local/bin:/usr/bin:/bin:/usr/sbin:/sbin:/Users/tts/Library/Android/sdk/platform-tools

Yarn version: 
  1.3.2

Node version: 
  8.9.0

Platform: 
  darwin x64

npm manifest: 
  {
    "name": "react-native-radial-counter",
    "version": "0.0.3",
    "description": "Put a description here",
    "main": "src/RadialCounter.js",
    "peerDependencies": {
      "react": "^16.4.1",
      "react-native": "^0.55.4"
    },
    "dependencies": {
      "react-native-svg": "^6.3.1"
    },
    "scripts": {
      "test": "echo \"Error: no test specified\" && exit 1",
      "start": "webpack --watch",
      "build": "webpack"
    },
    "author": {
      "name": "Tjark Smalla",
      "email": "tjarksmalla@chillkroetenteich.de"
    },
    "devDependencies": {
    }
  }

yarn manifest: 
  No manifest

Lockfile: 
  # THIS IS AN AUTOGENERATED FILE. DO NOT EDIT THIS FILE DIRECTLY.
  # yarn lockfile v1
  
  
  color-convert@^1.9.1:
    version "1.9.2"
    resolved "https://registry.yarnpkg.com/color-convert/-/color-convert-1.9.2.tgz#49881b8fba67df12a96bdf3f56c0aab9e7913147"
    dependencies:
      color-name "1.1.1"
  
  color-name@1.1.1:
    version "1.1.1"
    resolved "https://registry.yarnpkg.com/color-name/-/color-name-1.1.1.tgz#4b1415304cf50028ea81643643bd82ea05803689"
  
  color-name@^1.0.0:
    version "1.1.3"
    resolved "https://registry.yarnpkg.com/color-name/-/color-name-1.1.3.tgz#a7d0558bd89c42f795dd42328f740831ca53bc25"
  
  color-string@^1.5.2:
    version "1.5.2"
    resolved "https://registry.yarnpkg.com/color-string/-/color-string-1.5.2.tgz#26e45814bc3c9a7cbd6751648a41434514a773a9"
    dependencies:
      color-name "^1.0.0"
      simple-swizzle "^0.2.2"
  
  color@^2.0.1:
    version "2.0.1"
    resolved "https://registry.yarnpkg.com/color/-/color-2.0.1.tgz#e4ed78a3c4603d0891eba5430b04b86314f4c839"
    dependencies:
      color-convert "^1.9.1"
      color-string "^1.5.2"
  
  is-arrayish@^0.3.1:
    version "0.3.2"
    resolved "https://registry.yarnpkg.com/is-arrayish/-/is-arrayish-0.3.2.tgz#4574a2ae56f7ab206896fb431eaeed066fdf8f03"
  
  lodash@^4.16.6:
    version "4.17.10"
    resolved "https://registry.yarnpkg.com/lodash/-/lodash-4.17.10.tgz#1b7793cf7259ea38fb3661d4d38b3260af8ae4e7"
  
  pegjs@^0.10.0:
    version "0.10.0"
    resolved "https://registry.yarnpkg.com/pegjs/-/pegjs-0.10.0.tgz#cf8bafae6eddff4b5a7efb185269eaaf4610ddbd"
  
  react-native-svg@^6.3.1:
    version "6.3.1"
    resolved "https://registry.yarnpkg.com/react-native-svg/-/react-native-svg-6.3.1.tgz#06a573f17c59ce953a56fd62e776fd79d632d765"
    dependencies:
      color "^2.0.1"
      lodash "^4.16.6"
      pegjs "^0.10.0"
  
  simple-swizzle@^0.2.2:
    version "0.2.2"
    resolved "https://registry.yarnpkg.com/simple-swizzle/-/simple-swizzle-0.2.2.tgz#a4da6b635ffcccca33f70d17cb92592de95e557a"
    dependencies:
      is-arrayish "^0.3.1"

Trace: 
  Error: https://registry.yarnpkg.com/@type%2freact: Not found
      at Request.params.callback [as _callback] (/usr/local/Cellar/yarn/1.3.2/libexec/lib/cli.js:62098:18)
      at Request.self.callback (/usr/local/Cellar/yarn/1.3.2/libexec/lib/cli.js:123085:22)
      at emitTwo (events.js:126:13)
      at Request.emit (events.js:214:7)
      at Request.<anonymous> (/usr/local/Cellar/yarn/1.3.2/libexec/lib/cli.js:124068:10)
      at emitOne (events.js:116:13)
      at Request.emit (events.js:211:7)
      at IncomingMessage.<anonymous> (/usr/local/Cellar/yarn/1.3.2/libexec/lib/cli.js:123988:12)
      at Object.onceWrapper (events.js:313:30)
      at emitNone (events.js:111:20)
